Copyright 1986-2020 Xilinx, Inc. All Rights Reserved.
--------------------------------------------------------------------------------------------------------------------------------------------------
| Tool Version : Vivado v.2020.2 (win64) Build 3064766 Wed Nov 18 09:12:45 MST 2020
| Date         : Fri Jun  4 19:29:52 2021
| Host         : DESKTOP-BQ8EU8O running 64-bit major release  (build 9200)
| Command      : report_methodology -file func_methodology_drc_routed.rpt -pb func_methodology_drc_routed.pb -rpx func_methodology_drc_routed.rpx
| Design       : func
| Device       : xc7a100tcsg324-1
| Speed File   : -1
| Design State : Fully Routed
--------------------------------------------------------------------------------------------------------------------------------------------------

Report Methodology

Table of Contents
-----------------
1. REPORT SUMMARY
2. REPORT DETAILS

1. REPORT SUMMARY
-----------------
            Netlist: netlist
          Floorplan: checkpoint_func
      Design limits: <entire design considered>
             Max violations: <unlimited>
             Violations found: 37
+-----------+----------+-------------------------------+------------+
| Rule      | Severity | Description                   | Violations |
+-----------+----------+-------------------------------+------------+
| TIMING-18 | Warning  | Missing input or output delay | 37         |
+-----------+----------+-------------------------------+------------+

2. REPORT DETAILS
-----------------
TIMING-18#1 Warning
Missing input or output delay  
An input delay is missing on a_i[0] relative to clock(s) clk_i
Related violations: <none>

TIMING-18#2 Warning
Missing input or output delay  
An input delay is missing on a_i[1] relative to clock(s) clk_i
Related violations: <none>

TIMING-18#3 Warning
Missing input or output delay  
An input delay is missing on a_i[2] relative to clock(s) clk_i
Related violations: <none>

TIMING-18#4 Warning
Missing input or output delay  
An input delay is missing on a_i[3] relative to clock(s) clk_i
Related violations: <none>

TIMING-18#5 Warning
Missing input or output delay  
An input delay is missing on a_i[4] relative to clock(s) clk_i
Related violations: <none>

TIMING-18#6 Warning
Missing input or output delay  
An input delay is missing on a_i[5] relative to clock(s) clk_i
Related violations: <none>

TIMING-18#7 Warning
Missing input or output delay  
An input delay is missing on a_i[6] relative to clock(s) clk_i
Related violations: <none>

TIMING-18#8 Warning
Missing input or output delay  
An input delay is missing on a_i[7] relative to clock(s) clk_i
Related violations: <none>

TIMING-18#9 Warning
Missing input or output delay  
An input delay is missing on b_i[0] relative to clock(s) clk_i
Related violations: <none>

TIMING-18#10 Warning
Missing input or output delay  
An input delay is missing on b_i[1] relative to clock(s) clk_i
Related violations: <none>

TIMING-18#11 Warning
Missing input or output delay  
An input delay is missing on b_i[2] relative to clock(s) clk_i
Related violations: <none>

TIMING-18#12 Warning
Missing input or output delay  
An input delay is missing on b_i[3] relative to clock(s) clk_i
Related violations: <none>

TIMING-18#13 Warning
Missing input or output delay  
An input delay is missing on b_i[4] relative to clock(s) clk_i
Related violations: <none>

TIMING-18#14 Warning
Missing input or output delay  
An input delay is missing on b_i[5] relative to clock(s) clk_i
Related violations: <none>

TIMING-18#15 Warning
Missing input or output delay  
An input delay is missing on b_i[6] relative to clock(s) clk_i
Related violations: <none>

TIMING-18#16 Warning
Missing input or output delay  
An input delay is missing on b_i[7] relative to clock(s) clk_i
Related violations: <none>

TIMING-18#17 Warning
Missing input or output delay  
An input delay is missing on change_mode relative to clock(s) clk_i
Related violations: <none>

TIMING-18#18 Warning
Missing input or output delay  
An input delay is missing on rst_i relative to clock(s) clk_i
Related violations: <none>

TIMING-18#19 Warning
Missing input or output delay  
An input delay is missing on start_i relative to clock(s) clk_i
Related violations: <none>

TIMING-18#20 Warning
Missing input or output delay  
An output delay is missing on busy_o[0] relative to clock(s) clk_i
Related violations: <none>

TIMING-18#21 Warning
Missing input or output delay  
An output delay is missing on busy_o[1] relative to clock(s) clk_i
Related violations: <none>

TIMING-18#22 Warning
Missing input or output delay  
An output delay is missing on y_o[0] relative to clock(s) clk_i
Related violations: <none>

TIMING-18#23 Warning
Missing input or output delay  
An output delay is missing on y_o[10] relative to clock(s) clk_i
Related violations: <none>

TIMING-18#24 Warning
Missing input or output delay  
An output delay is missing on y_o[11] relative to clock(s) clk_i
Related violations: <none>

TIMING-18#25 Warning
Missing input or output delay  
An output delay is missing on y_o[12] relative to clock(s) clk_i
Related violations: <none>

TIMING-18#26 Warning
Missing input or output delay  
An output delay is missing on y_o[13] relative to clock(s) clk_i
Related violations: <none>

TIMING-18#27 Warning
Missing input or output delay  
An output delay is missing on y_o[14] relative to clock(s) clk_i
Related violations: <none>

TIMING-18#28 Warning
Missing input or output delay  
An output delay is missing on y_o[15] relative to clock(s) clk_i
Related violations: <none>

TIMING-18#29 Warning
Missing input or output delay  
An output delay is missing on y_o[1] relative to clock(s) clk_i
Related violations: <none>

TIMING-18#30 Warning
Missing input or output delay  
An output delay is missing on y_o[2] relative to clock(s) clk_i
Related violations: <none>

TIMING-18#31 Warning
Missing input or output delay  
An output delay is missing on y_o[3] relative to clock(s) clk_i
Related violations: <none>

TIMING-18#32 Warning
Missing input or output delay  
An output delay is missing on y_o[4] relative to clock(s) clk_i
Related violations: <none>

TIMING-18#33 Warning
Missing input or output delay  
An output delay is missing on y_o[5] relative to clock(s) clk_i
Related violations: <none>

TIMING-18#34 Warning
Missing input or output delay  
An output delay is missing on y_o[6] relative to clock(s) clk_i
Related violations: <none>

TIMING-18#35 Warning
Missing input or output delay  
An output delay is missing on y_o[7] relative to clock(s) clk_i
Related violations: <none>

TIMING-18#36 Warning
Missing input or output delay  
An output delay is missing on y_o[8] relative to clock(s) clk_i
Related violations: <none>

TIMING-18#37 Warning
Missing input or output delay  
An output delay is missing on y_o[9] relative to clock(s) clk_i
Related violations: <none>


